[0926/142613.911:ERROR:registration_protocol_win.cc(131)] TransactNamedPipe: 管道已结束。 (0x6D)
[0929/174714.875:ERROR:minidumpwritedump_with_crashpad_info.cc(452)] Failed to call MiniDumpWriteDump: 仅完成部分的 ReadProcessMemory 或 WriteProcessMemory 请求。 (0x8007012B)
[0929/174714.876:ERROR:minidumpwritedump_with_crashpad_info.cc(661)] Failed to write minidump file
[0929/174714.876:ERROR:crash_report_exception_handler.cc(132)] TryMiniDumpWriteDumpWithCrashpadInfo failed
[0929/174714.877:ERROR:process_memory_win.cc(73)] ReadMemory at 0x12814e40000 of 64 bytes failed: 仅完成部分的 ReadProcessMemory 或 WriteProcessMemory 请求。 (0x12B)
[0929/174714.877:WARNING:pe_image_reader.cc(340)] could not read dos header from C:\Windows\System32\combase.dll
[0929/174714.878:ERROR:process_memory_win.cc(73)] ReadMemory at 0x1281485f7f0 of 72 bytes failed: 仅完成部分的 ReadProcessMemory 或 WriteProcessMemory 请求。 (0x12B)
[0929/174714.879:WARNING:pe_image_annotations_reader.cc(135)] could not read annotations list object in C:\Program Files (x86)\Microsoft\Edge\Application\85.0.564.63\msedge_elf.dll
[0929/174714.879:ERROR:process_memory_win.cc(73)] ReadMemory at 0x128148a1fa0 of 72 bytes failed: 仅完成部分的 ReadProcessMemory 或 WriteProcessMemory 请求。 (0x12B)
[0929/174714.879:WARNING:pe_image_annotations_reader.cc(135)] could not read annotations list object in C:\Program Files (x86)\Microsoft\Edge\Application\85.0.564.63\msedge.dll
[0929/174714.879:ERROR:process_memory_win.cc(73)] ReadMemory at 0x12814e40000 of 64 bytes failed: 仅完成部分的 ReadProcessMemory 或 WriteProcessMemory 请求。 (0x12B)
[0929/174714.879:WARNING:pe_image_reader.cc(340)] could not read dos header from C:\Windows\System32\combase.dll
[0929/174714.879:ERROR:process_memory_win.cc(73)] ReadMemory at 0x12814e40000 of 64 bytes failed: 仅完成部分的 ReadProcessMemory 或 WriteProcessMemory 请求。 (0x12B)
[0929/174714.879:WARNING:pe_image_reader.cc(340)] could not read dos header from C:\Windows\System32\combase.dll
[0929/174715.433:ERROR:process_memory_win.cc(73)] ReadMemory at 0x7ff6f25e0000 of 64 bytes failed: 仅完成部分的 ReadProcessMemory 或 WriteProcessMemory 请求。 (0x12B)
[0929/174715.434:WARNING:pe_image_reader.cc(340)] could not read dos header from C:\Program Files (x86)\Microsoft\Edge\Application\msedge.exe
[0929/174715.434:ERROR:process_memory_win.cc(73)] ReadMemory at 0x7fff7fb80000 of 64 bytes failed: 仅完成部分的 ReadProcessMemory 或 WriteProcessMemory 请求。 (0x12B)
[0929/174715.434:WARNING:pe_image_reader.cc(340)] could not read dos header from C:\Windows\SYSTEM32\ntdll.dll
[0929/174715.434:ERROR:process_memory_win.cc(73)] ReadMemory at 0x7fff7d8b0000 of 64 bytes failed: 仅完成部分的 ReadProcessMemory 或 WriteProcessMemory 请求。 (0x12B)
[0929/174715.434:WARNING:pe_image_reader.cc(340)] could not read dos header from C:\Windows\System32\KERNEL32.DLL
[0929/174715.434:ERROR:process_memory_win.cc(73)] ReadMemory at 0x7fff7bc90000 of 64 bytes failed: 仅完成部分的 ReadProcessMemory 或 WriteProcessMemory 请求。 (0x12B)
[0929/174715.434:WARNING:pe_image_reader.cc(340)] could not read dos header from C:\Windows\System32\KERNELBASE.dll
[0929/174715.434:ERROR:process_memory_win.cc(73)] ReadMemory at 0x7fff51070000 of 64 bytes failed: 仅完成部分的 ReadProcessMemory 或 WriteProcessMemory 请求。 (0x12B)
[0929/174715.434:WARNING:pe_image_reader.cc(340)] could not read dos header from C:\Program Files (x86)\Microsoft\Edge\Application\85.0.564.63\msedge_elf.dll
[0929/174715.434:ERROR:process_memory_win.cc(73)] ReadMemory at 0x7fff7cae0000 of 64 bytes failed: 仅完成部分的 ReadProcessMemory 或 WriteProcessMemory 请求。 (0x12B)
[0929/174715.434:WARNING:pe_image_reader.cc(340)] could not read dos header from C:\Windows\System32\bcryptPrimitives.dll
[0929/174715.434:ERROR:process_memory_win.cc(73)] ReadMemory at 0x7fff7f9b0000 of 64 bytes failed: 仅完成部分的 ReadProcessMemory 或 WriteProcessMemory 请求。 (0x12B)
[0929/174715.434:WARNING:pe_image_reader.cc(340)] could not read dos header from C:\Windows\System32\ADVAPI32.dll
[0929/174715.434:ERROR:process_memory_win.cc(73)] ReadMemory at 0x7fff7ce50000 of 64 bytes failed: 仅完成部分的 ReadProcessMemory 或 WriteProcessMemory 请求。 (0x12B)
[0929/174715.434:WARNING:pe_image_reader.cc(340)] could not read dos header from C:\Windows\System32\msvcrt.dll
[0929/174715.434:ERROR:process_memory_win.cc(73)] ReadMemory at 0x7fff7dff0000 of 64 bytes failed: 仅完成部分的 ReadProcessMemory 或 WriteProcessMemory 请求。 (0x12B)
[0929/174715.434:WARNING:pe_image_reader.cc(340)] could not read dos header from C:\Windows\System32\sechost.dll
[0929/174715.434:ERROR:process_memory_win.cc(73)] ReadMemory at 0x7fff7dde0000 of 64 bytes failed: 仅完成部分的 ReadProcessMemory 或 WriteProcessMemory 请求。 (0x12B)
[0929/174715.434:WARNING:pe_image_reader.cc(340)] could not read dos header from C:\Windows\System32\RPCRT4.dll
[0929/174715.434:ERROR:process_memory_win.cc(73)] ReadMemory at 0x7fff1a920000 of 64 bytes failed: 仅完成部分的 ReadProcessMemory 或 WriteProcessMemory 请求。 (0x12B)
[0929/174715.434:WARNING:pe_image_reader.cc(340)] could not read dos header from C:\Program Files (x86)\Microsoft\Edge\Application\85.0.564.63\msedge.dll
[0929/174715.434:ERROR:process_memory_win.cc(73)] ReadMemory at 0x7fff7fa60000 of 64 bytes failed: 仅完成部分的 ReadProcessMemory 或 WriteProcessMemory 请求。 (0x12B)
[0929/174715.434:WARNING:pe_image_reader.cc(340)] could not read dos header from C:\Windows\System32\WS2_32.dll
[0929/174715.434:ERROR:process_memory_win.cc(73)] ReadMemory at 0x7fff7df10000 of 64 bytes failed: 仅完成部分的 ReadProcessMemory 或 WriteProcessMemory 请求。 (0x12B)
[0929/174715.434:WARNING:pe_image_reader.cc(340)] could not read dos header from C:\Windows\System32\OLEAUT32.dll
[0929/174715.434:ERROR:process_memory_win.cc(73)] ReadMemory at 0x7fff7bf50000 of 64 bytes failed: 仅完成部分的 ReadProcessMemory 或 WriteProcessMemory 请求。 (0x12B)
[0929/174715.434:WARNING:pe_image_reader.cc(340)] could not read dos header from C:\Windows\System32\msvcp_win.dll
[0929/174715.434:ERROR:process_memory_win.cc(73)] ReadMemory at 0x7fff7bff0000 of 64 bytes failed: 仅完成部分的 ReadProcessMemory 或 WriteProcessMemory 请求。 (0x12B)
[0929/174715.434:WARNING:pe_image_reader.cc(340)] could not read dos header from C:\Windows\System32\ucrtbase.dll
[0929/174715.434:ERROR:process_memory_win.cc(73)] ReadMemory at 0x12814e40000 of 64 bytes failed: 仅完成部分的 ReadProcessMemory 或 WriteProcessMemory 请求。 (0x12B)
[0929/174715.434:WARNING:pe_image_reader.cc(340)] could not read dos header from C:\Windows\System32\combase.dll
[0929/174715.434:ERROR:process_memory_win.cc(73)] ReadMemory at 0x7fff7cd40000 of 64 bytes failed: 仅完成部分的 ReadProcessMemory 或 WriteProcessMemory 请求。 (0x12B)
[0929/174715.434:WARNING:pe_image_reader.cc(340)] could not read dos header from C:\Windows\System32\WINTRUST.dll
[0929/174715.434:ERROR:process_memory_win.cc(73)] ReadMemory at 0x7fff7bc20000 of 64 bytes failed: 仅完成部分的 ReadProcessMemory 或 WriteProcessMemory 请求。 (0x12B)
[0929/174715.434:WARNING:pe_image_reader.cc(340)] could not read dos header from C:\Windows\System32\MSASN1.dll
[0929/174715.434:ERROR:process_memory_win.cc(73)] ReadMemory at 0x7fff7cb60000 of 64 bytes failed: 仅完成部分的 ReadProcessMemory 或 WriteProcessMemory 请求。 (0x12B)
[0929/174715.434:WARNING:pe_image_reader.cc(340)] could not read dos header from C:\Windows\System32\CRYPT32.dll
[0929/174715.434:ERROR:process_memory_win.cc(73)] ReadMemory at 0x7fff7b100000 of 64 bytes failed: 仅完成部分的 ReadProcessMemory 或 WriteProcessMemory 请求。 (0x12B)
[0929/174715.434:WARNING:pe_image_reader.cc(340)] could not read dos header from C:\Windows\SYSTEM32\IPHLPAPI.DLL
[0929/174715.435:ERROR:process_memory_win.cc(73)] ReadMemory at 0x7fff79810000 of 64 bytes failed: 仅完成部分的 ReadProcessMemory 或 WriteProcessMemory 请求。 (0x12B)
[0929/174715.435:WARNING:pe_image_reader.cc(340)] could not read dos header from C:\Windows\SYSTEM32\WINMM.dll
[0929/174715.435:ERROR:process_memory_win.cc(73)] ReadMemory at 0x7fff4a410000 of 64 bytes failed: 仅完成部分的 ReadProcessMemory 或 WriteProcessMemory 请求。 (0x12B)
[0929/174715.435:WARNING:pe_image_reader.cc(340)] could not read dos header from C:\Windows\SYSTEM32\UIAutomationCore.DLL
[0929/174715.435:ERROR:process_memory_win.cc(73)] ReadMemory at 0x7fff7ae60000 of 64 bytes failed: 仅完成部分的 ReadProcessMemory 或 WriteProcessMemory 请求。 (0x12B)
[0929/174715.435:WARNING:pe_image_reader.cc(340)] could not read dos header from C:\Windows\SYSTEM32\Secur32.dll
[0929/174715.435:ERROR:process_memory_win.cc(73)] ReadMemory at 0x7fff7ba70000 of 64 bytes failed: 仅完成部分的 ReadProcessMemory 或 WriteProcessMemory 请求。 (0x12B)
[0929/174715.435:WARNING:pe_image_reader.cc(340)] could not read dos header from C:\Windows\SYSTEM32\USERENV.dll
[0929/174715.435:ERROR:process_memory_win.cc(73)] ReadMemory at 0x7fff7bb90000 of 64 bytes failed: 仅完成部分的 ReadProcessMemory 或 WriteProcessMemory 请求。 (0x12B)
[0929/174715.435:WARNING:pe_image_reader.cc(340)] could not read dos header from C:\Windows\System32\profapi.dll
[0929/174715.435:ERROR:process_memory_win.cc(73)] ReadMemory at 0x7fff76ab0000 of 64 bytes failed: 仅完成部分的 ReadProcessMemory 或 WriteProcessMemory 请求。 (0x12B)
[0929/174715.435:WARNING:pe_image_reader.cc(340)] could not read dos header from C:\Windows\SYSTEM32\WINHTTP.dll
[0929/174715.435:ERROR:process_memory_win.cc(73)] ReadMemory at 0x7fff5ae50000 of 64 bytes failed: 仅完成部分的 ReadProcessMemory 或 WriteProcessMemory 请求。 (0x12B)
[0929/174715.435:WARNING:pe_image_reader.cc(340)] could not read dos header from C:\Windows\SYSTEM32\DWrite.dll
[0929/174715.435:ERROR:process_memory_win.cc(73)] ReadMemory at 0x7fff720b0000 of 64 bytes failed: 仅完成部分的 ReadProcessMemory 或 WriteProcessMemory 请求。 (0x12B)
[0929/174715.435:WARNING:pe_image_reader.cc(340)] could not read dos header from C:\Windows\SYSTEM32\WINSPOOL.DRV
[0929/174715.435:ERROR:process_memory_win.cc(73)] ReadMemory at 0x7fff7bb70000 of 64 bytes failed: 仅完成部分的 ReadProcessMemory 或 WriteProcessMemory 请求。 (0x12B)
[0929/174715.435:WARNING:pe_image_reader.cc(340)] could not read dos header from C:\Windows\System32\kernel.appcore.dll
[0929/174715.435:ERROR:process_memory_win.cc(73)] ReadMemory at 0x7fff7cab0000 of 64 bytes failed: 仅完成部分的 ReadProcessMemory 或 WriteProcessMemory 请求。 (0x12B)
[0929/174715.435:WARNING:pe_image_reader.cc(340)] could not read dos header from C:\Windows\System32\bcrypt.dll
[0929/174715.435:ERROR:process_memory_win.cc(73)] ReadMemory at 0x7fff79a10000 of 64 bytes failed: 仅完成部分的 ReadProcessMemory 或 WriteProcessMemory 请求。 (0x12B)
[0929/174715.435:WARNING:pe_image_reader.cc(340)] could not read dos header from C:\Windows\SYSTEM32\dbghelp.dll
[0929/174715.435:ERROR:process_memory_win.cc(73)] ReadMemory at 0x7fff7b6b0000 of 64 bytes failed: 仅完成部分的 ReadProcessMemory 或 WriteProcessMemory 请求。 (0x12B)
[0929/174715.435:WARNING:pe_image_reader.cc(340)] could not read dos header from C:\Windows\SYSTEM32\ncrypt.dll
[0929/174715.435:ERROR:process_memory_win.cc(73)] ReadMemory at 0x7fff76610000 of 64 bytes failed: 仅完成部分的 ReadProcessMemory 或 WriteProcessMemory 请求。 (0x12B)
[0929/174715.435:WARNING:pe_image_reader.cc(340)] could not read dos header from C:\Windows\SYSTEM32\dhcpcsvc.DLL
[0929/174715.435:ERROR:process_memory_win.cc(73)] ReadMemory at 0x7fff7d400000 of 64 bytes failed: 仅完成部分的 ReadProcessMemory 或 WriteProcessMemory 请求。 (0x12B)
[0929/174715.435:WARNING:pe_image_reader.cc(340)] could not read dos header from C:\Windows\System32\NSI.dll
[0929/174715.435:ERROR:process_memory_win.cc(73)] ReadMemory at 0x7fff797e0000 of 64 bytes failed: 仅完成部分的 ReadProcessMemory 或 WriteProcessMemory 请求。 (0x12B)
[0929/174715.435:WARNING:pe_image_reader.cc(340)] could not read dos header from C:\Windows\SYSTEM32\WINMMBASE.dll
[0929/174715.435:ERROR:process_memory_win.cc(73)] ReadMemory at 0x7fff7bc40000 of 64 bytes failed: 仅完成部分的 ReadProcessMemory 或 WriteProcessMemory 请求。 (0x12B)
[0929/174715.435:WARNING:pe_image_reader.cc(340)] could not read dos header from C:\Windows\System32\cfgmgr32.dll
[0929/174715.435:ERROR:process_memory_win.cc(73)] ReadMemory at 0x7fff62010000 of 64 bytes failed: 仅完成部分的 ReadProcessMemory 或 WriteProcessMemory 请求。 (0x12B)
[0929/174715.435:WARNING:pe_image_reader.cc(340)] could not read dos header from C:\Windows\SYSTEM32\Bcp47Langs.dll
[0929/174715.435:ERROR:process_memory_win.cc(73)] ReadMemory at 0x7fff77960000 of 64 bytes failed: 仅完成部分的 ReadProcessMemory 或 WriteProcessMemory 请求。 (0x12B)
[0929/174715.435:WARNING:pe_image_reader.cc(340)] could not read dos header from C:\Windows\SYSTEM32\PROPSYS.dll
[0929/174715.435:ERROR:process_memory_win.cc(73)] ReadMemory at 0x7fff7e290000 of 64 bytes failed: 仅完成部分的 ReadProcessMemory 或 WriteProcessMemory 请求。 (0x12B)
[0929/174715.435:WARNING:pe_image_reader.cc(340)] could not read dos header from C:\Windows\System32\shcore.dll
[0929/174715.435:ERROR:process_memory_win.cc(73)] ReadMemory at 0x7fff7b670000 of 64 bytes failed: 仅完成部分的 ReadProcessMemory 或 WriteProcessMemory 请求。 (0x12B)
[0929/174715.435:WARNING:pe_image_reader.cc(340)] could not read dos header from C:\Windows\SYSTEM32\NTASN1.dll
[0929/174715.436:ERROR:process_memory_win.cc(73)] ReadMemory at 0x7fff7baa0000 of 64 bytes failed: 仅完成部分的 ReadProcessMemory 或 WriteProcessMemory 请求。 (0x12B)
[0929/174715.436:WARNING:pe_image_reader.cc(340)] could not read dos header from C:\Windows\SYSTEM32\SSPICLI.DLL
[0929/174715.436:ERROR:process_memory_win.cc(73)] ReadMemory at 0x7fff7b5b0000 of 64 bytes failed: 仅完成部分的 ReadProcessMemory 或 WriteProcessMemory 请求。 (0x12B)
[0929/174715.436:WARNING:pe_image_reader.cc(340)] could not read dos header from C:\Windows\SYSTEM32\CRYPTBASE.DLL
[0929/174715.445:ERROR:process_memory_win.cc(73)] ReadMemory at 0x7ff6f25e0000 of 64 bytes failed: 仅完成部分的 ReadProcessMemory 或 WriteProcessMemory 请求。 (0x12B)
[0929/174715.445:WARNING:pe_image_reader.cc(340)] could not read dos header from C:\Program Files (x86)\Microsoft\Edge\Application\msedge.exe
[0929/174715.445:ERROR:process_memory_win.cc(73)] ReadMemory at 0x7fff7fb80000 of 64 bytes failed: 仅完成部分的 ReadProcessMemory 或 WriteProcessMemory 请求。 (0x12B)
[0929/174715.445:WARNING:pe_image_reader.cc(340)] could not read dos header from C:\Windows\SYSTEM32\ntdll.dll
[0929/174715.445:ERROR:process_memory_win.cc(73)] ReadMemory at 0x7fff7d8b0000 of 64 bytes failed: 仅完成部分的 ReadProcessMemory 或 WriteProcessMemory 请求。 (0x12B)
[0929/174715.445:WARNING:pe_image_reader.cc(340)] could not read dos header from C:\Windows\System32\KERNEL32.DLL
[0929/174715.445:ERROR:process_memory_win.cc(73)] ReadMemory at 0x7fff7bc90000 of 64 bytes failed: 仅完成部分的 ReadProcessMemory 或 WriteProcessMemory 请求。 (0x12B)
[0929/174715.445:WARNING:pe_image_reader.cc(340)] could not read dos header from C:\Windows\System32\KERNELBASE.dll
[0929/174715.445:ERROR:process_memory_win.cc(73)] ReadMemory at 0x7fff51070000 of 64 bytes failed: 仅完成部分的 ReadProcessMemory 或 WriteProcessMemory 请求。 (0x12B)
[0929/174715.445:WARNING:pe_image_reader.cc(340)] could not read dos header from C:\Program Files (x86)\Microsoft\Edge\Application\85.0.564.63\msedge_elf.dll
[0929/174715.445:ERROR:process_memory_win.cc(73)] ReadMemory at 0x7fff7cae0000 of 64 bytes failed: 仅完成部分的 ReadProcessMemory 或 WriteProcessMemory 请求。 (0x12B)
[0929/174715.445:WARNING:pe_image_reader.cc(340)] could not read dos header from C:\Windows\System32\bcryptPrimitives.dll
[0929/174715.445:ERROR:process_memory_win.cc(73)] ReadMemory at 0x7fff7f9b0000 of 64 bytes failed: 仅完成部分的 ReadProcessMemory 或 WriteProcessMemory 请求。 (0x12B)
[0929/174715.445:WARNING:pe_image_reader.cc(340)] could not read dos header from C:\Windows\System32\ADVAPI32.dll
[0929/174715.445:ERROR:process_memory_win.cc(73)] ReadMemory at 0x7fff7ce50000 of 64 bytes failed: 仅完成部分的 ReadProcessMemory 或 WriteProcessMemory 请求。 (0x12B)
[0929/174715.445:WARNING:pe_image_reader.cc(340)] could not read dos header from C:\Windows\System32\msvcrt.dll
[0929/174715.445:ERROR:process_memory_win.cc(73)] ReadMemory at 0x7fff7dff0000 of 64 bytes failed: 仅完成部分的 ReadProcessMemory 或 WriteProcessMemory 请求。 (0x12B)
[0929/174715.445:WARNING:pe_image_reader.cc(340)] could not read dos header from C:\Windows\System32\sechost.dll
[0929/174715.445:ERROR:process_memory_win.cc(73)] ReadMemory at 0x7fff7dde0000 of 64 bytes failed: 仅完成部分的 ReadProcessMemory 或 WriteProcessMemory 请求。 (0x12B)
[0929/174715.445:WARNING:pe_image_reader.cc(340)] could not read dos header from C:\Windows\System32\RPCRT4.dll
[0929/174715.445:ERROR:process_memory_win.cc(73)] ReadMemory at 0x7fff1a920000 of 64 bytes failed: 仅完成部分的 ReadProcessMemory 或 WriteProcessMemory 请求。 (0x12B)
[0929/174715.445:WARNING:pe_image_reader.cc(340)] could not read dos header from C:\Program Files (x86)\Microsoft\Edge\Application\85.0.564.63\msedge.dll
[0929/174715.446:ERROR:process_memory_win.cc(73)] ReadMemory at 0x7fff7fa60000 of 64 bytes failed: 仅完成部分的 ReadProcessMemory 或 WriteProcessMemory 请求。 (0x12B)
[0929/174715.446:WARNING:pe_image_reader.cc(340)] could not read dos header from C:\Windows\System32\WS2_32.dll
[0929/174715.446:ERROR:process_memory_win.cc(73)] ReadMemory at 0x7fff7df10000 of 64 bytes failed: 仅完成部分的 ReadProcessMemory 或 WriteProcessMemory 请求。 (0x12B)
[0929/174715.446:WARNING:pe_image_reader.cc(340)] could not read dos header from C:\Windows\System32\OLEAUT32.dll
[0929/174715.446:ERROR:process_memory_win.cc(73)] ReadMemory at 0x7fff7bf50000 of 64 bytes failed: 仅完成部分的 ReadProcessMemory 或 WriteProcessMemory 请求。 (0x12B)
[0929/174715.446:WARNING:pe_image_reader.cc(340)] could not read dos header from C:\Windows\System32\msvcp_win.dll
[0929/174715.446:ERROR:process_memory_win.cc(73)] ReadMemory at 0x7fff7bff0000 of 64 bytes failed: 仅完成部分的 ReadProcessMemory 或 WriteProcessMemory 请求。 (0x12B)
[0929/174715.446:WARNING:pe_image_reader.cc(340)] could not read dos header from C:\Windows\System32\ucrtbase.dll
[0929/174715.446:ERROR:process_memory_win.cc(73)] ReadMemory at 0x12814e40000 of 64 bytes failed: 仅完成部分的 ReadProcessMemory 或 WriteProcessMemory 请求。 (0x12B)
[0929/174715.446:WARNING:pe_image_reader.cc(340)] could not read dos header from C:\Windows\System32\combase.dll
[0929/174715.446:ERROR:process_memory_win.cc(73)] ReadMemory at 0x7fff7cd40000 of 64 bytes failed: 仅完成部分的 ReadProcessMemory 或 WriteProcessMemory 请求。 (0x12B)
[0929/174715.446:WARNING:pe_image_reader.cc(340)] could not read dos header from C:\Windows\System32\WINTRUST.dll
[0929/174715.446:ERROR:process_memory_win.cc(73)] ReadMemory at 0x7fff7bc20000 of 64 bytes failed: 仅完成部分的 ReadProcessMemory 或 WriteProcessMemory 请求。 (0x12B)
[0929/174715.446:WARNING:pe_image_reader.cc(340)] could not read dos header from C:\Windows\System32\MSASN1.dll
[0929/174715.446:ERROR:process_memory_win.cc(73)] ReadMemory at 0x7fff7cb60000 of 64 bytes failed: 仅完成部分的 ReadProcessMemory 或 WriteProcessMemory 请求。 (0x12B)
[0929/174715.446:WARNING:pe_image_reader.cc(340)] could not read dos header from C:\Windows\System32\CRYPT32.dll
[0929/174715.446:ERROR:process_memory_win.cc(73)] ReadMemory at 0x7fff7b100000 of 64 bytes failed: 仅完成部分的 ReadProcessMemory 或 WriteProcessMemory 请求。 (0x12B)
[0929/174715.446:WARNING:pe_image_reader.cc(340)] could not read dos header from C:\Windows\SYSTEM32\IPHLPAPI.DLL
[0929/174715.446:ERROR:process_memory_win.cc(73)] ReadMemory at 0x7fff79810000 of 64 bytes failed: 仅完成部分的 ReadProcessMemory 或 WriteProcessMemory 请求。 (0x12B)
[0929/174715.446:WARNING:pe_image_reader.cc(340)] could not read dos header from C:\Windows\SYSTEM32\WINMM.dll
[0929/174715.446:ERROR:process_memory_win.cc(73)] ReadMemory at 0x7fff4a410000 of 64 bytes failed: 仅完成部分的 ReadProcessMemory 或 WriteProcessMemory 请求。 (0x12B)
[0929/174715.446:WARNING:pe_image_reader.cc(340)] could not read dos header from C:\Windows\SYSTEM32\UIAutomationCore.DLL
[0929/174715.446:ERROR:process_memory_win.cc(73)] ReadMemory at 0x7fff7ae60000 of 64 bytes failed: 仅完成部分的 ReadProcessMemory 或 WriteProcessMemory 请求。 (0x12B)
[0929/174715.446:WARNING:pe_image_reader.cc(340)] could not read dos header from C:\Windows\SYSTEM32\Secur32.dll
[0929/174715.446:ERROR:process_memory_win.cc(73)] ReadMemory at 0x7fff7ba70000 of 64 bytes failed: 仅完成部分的 ReadProcessMemory 或 WriteProcessMemory 请求。 (0x12B)
[0929/174715.446:WARNING:pe_image_reader.cc(340)] could not read dos header from C:\Windows\SYSTEM32\USERENV.dll
[0929/174715.446:ERROR:process_memory_win.cc(73)] ReadMemory at 0x7fff7bb90000 of 64 bytes failed: 仅完成部分的 ReadProcessMemory 或 WriteProcessMemory 请求。 (0x12B)
[0929/174715.446:WARNING:pe_image_reader.cc(340)] could not read dos header from C:\Windows\System32\profapi.dll
[0929/174715.446:ERROR:process_memory_win.cc(73)] ReadMemory at 0x7fff76ab0000 of 64 bytes failed: 仅完成部分的 ReadProcessMemory 或 WriteProcessMemory 请求。 (0x12B)
[0929/174715.446:WARNING:pe_image_reader.cc(340)] could not read dos header from C:\Windows\SYSTEM32\WINHTTP.dll
[0929/174715.446:ERROR:process_memory_win.cc(73)] ReadMemory at 0x7fff5ae50000 of 64 bytes failed: 仅完成部分的 ReadProcessMemory 或 WriteProcessMemory 请求。 (0x12B)
[0929/174715.446:WARNING:pe_image_reader.cc(340)] could not read dos header from C:\Windows\SYSTEM32\DWrite.dll
[0929/174715.446:ERROR:process_memory_win.cc(73)] ReadMemory at 0x7fff720b0000 of 64 bytes failed: 仅完成部分的 ReadProcessMemory 或 WriteProcessMemory 请求。 (0x12B)
[0929/174715.446:WARNING:pe_image_reader.cc(340)] could not read dos header from C:\Windows\SYSTEM32\WINSPOOL.DRV
[0929/174715.446:ERROR:process_memory_win.cc(73)] ReadMemory at 0x7fff7bb70000 of 64 bytes failed: 仅完成部分的 ReadProcessMemory 或 WriteProcessMemory 请求。 (0x12B)
[0929/174715.446:WARNING:pe_image_reader.cc(340)] could not read dos header from C:\Windows\System32\kernel.appcore.dll
[0929/174715.446:ERROR:process_memory_win.cc(73)] ReadMemory at 0x7fff7cab0000 of 64 bytes failed: 仅完成部分的 ReadProcessMemory 或 WriteProcessMemory 请求。 (0x12B)
[0929/174715.446:WARNING:pe_image_reader.cc(340)] could not read dos header from C:\Windows\System32\bcrypt.dll
[0929/174715.446:ERROR:process_memory_win.cc(73)] ReadMemory at 0x7fff79a10000 of 64 bytes failed: 仅完成部分的 ReadProcessMemory 或 WriteProcessMemory 请求。 (0x12B)
[0929/174715.446:WARNING:pe_image_reader.cc(340)] could not read dos header from C:\Windows\SYSTEM32\dbghelp.dll
[0929/174715.446:ERROR:process_memory_win.cc(73)] ReadMemory at 0x7fff7b6b0000 of 64 bytes failed: 仅完成部分的 ReadProcessMemory 或 WriteProcessMemory 请求。 (0x12B)
[0929/174715.446:WARNING:pe_image_reader.cc(340)] could not read dos header from C:\Windows\SYSTEM32\ncrypt.dll
[0929/174715.447:ERROR:process_memory_win.cc(73)] ReadMemory at 0x7fff76610000 of 64 bytes failed: 仅完成部分的 ReadProcessMemory 或 WriteProcessMemory 请求。 (0x12B)
[0929/174715.447:WARNING:pe_image_reader.cc(340)] could not read dos header from C:\Windows\SYSTEM32\dhcpcsvc.DLL
[0929/174715.447:ERROR:process_memory_win.cc(73)] ReadMemory at 0x7fff7d400000 of 64 bytes failed: 仅完成部分的 ReadProcessMemory 或 WriteProcessMemory 请求。 (0x12B)
[0929/174715.447:WARNING:pe_image_reader.cc(340)] could not read dos header from C:\Windows\System32\NSI.dll
[0929/174715.447:ERROR:process_memory_win.cc(73)] ReadMemory at 0x7fff797e0000 of 64 bytes failed: 仅完成部分的 ReadProcessMemory 或 WriteProcessMemory 请求。 (0x12B)
[0929/174715.447:WARNING:pe_image_reader.cc(340)] could not read dos header from C:\Windows\SYSTEM32\WINMMBASE.dll
[0929/174715.447:ERROR:process_memory_win.cc(73)] ReadMemory at 0x7fff7bc40000 of 64 bytes failed: 仅完成部分的 ReadProcessMemory 或 WriteProcessMemory 请求。 (0x12B)
[0929/174715.447:WARNING:pe_image_reader.cc(340)] could not read dos header from C:\Windows\System32\cfgmgr32.dll
[0929/174715.447:ERROR:process_memory_win.cc(73)] ReadMemory at 0x7fff62010000 of 64 bytes failed: 仅完成部分的 ReadProcessMemory 或 WriteProcessMemory 请求。 (0x12B)
[0929/174715.447:WARNING:pe_image_reader.cc(340)] could not read dos header from C:\Windows\SYSTEM32\Bcp47Langs.dll
[0929/174715.447:ERROR:process_memory_win.cc(73)] ReadMemory at 0x7fff77960000 of 64 bytes failed: 仅完成部分的 ReadProcessMemory 或 WriteProcessMemory 请求。 (0x12B)
[0929/174715.447:WARNING:pe_image_reader.cc(340)] could not read dos header from C:\Windows\SYSTEM32\PROPSYS.dll
[0929/174715.447:ERROR:process_memory_win.cc(73)] ReadMemory at 0x7fff7e290000 of 64 bytes failed: 仅完成部分的 ReadProcessMemory 或 WriteProcessMemory 请求。 (0x12B)
[0929/174715.447:WARNING:pe_image_reader.cc(340)] could not read dos header from C:\Windows\System32\shcore.dll
[0929/174715.447:ERROR:process_memory_win.cc(73)] ReadMemory at 0x7fff7b670000 of 64 bytes failed: 仅完成部分的 ReadProcessMemory 或 WriteProcessMemory 请求。 (0x12B)
[0929/174715.447:WARNING:pe_image_reader.cc(340)] could not read dos header from C:\Windows\SYSTEM32\NTASN1.dll
[0929/174715.447:ERROR:process_memory_win.cc(73)] ReadMemory at 0x7fff7baa0000 of 64 bytes failed: 仅完成部分的 ReadProcessMemory 或 WriteProcessMemory 请求。 (0x12B)
[0929/174715.447:WARNING:pe_image_reader.cc(340)] could not read dos header from C:\Windows\SYSTEM32\SSPICLI.DLL
[0929/174715.447:ERROR:process_memory_win.cc(73)] ReadMemory at 0x7fff7b5b0000 of 64 bytes failed: 仅完成部分的 ReadProcessMemory 或 WriteProcessMemory 请求。 (0x12B)
[0929/174715.447:WARNING:pe_image_reader.cc(340)] could not read dos header from C:\Windows\SYSTEM32\CRYPTBASE.DLL
[0929/174715.447:ERROR:process_memory_win.cc(73)] ReadMemory at 0x7ff6f25e0000 of 64 bytes failed: 仅完成部分的 ReadProcessMemory 或 WriteProcessMemory 请求。 (0x12B)
[0929/174715.447:WARNING:pe_image_reader.cc(340)] could not read dos header from C:\Program Files (x86)\Microsoft\Edge\Application\msedge.exe
[0929/174715.447:ERROR:process_memory_win.cc(73)] ReadMemory at 0x7fff7fb80000 of 64 bytes failed: 仅完成部分的 ReadProcessMemory 或 WriteProcessMemory 请求。 (0x12B)
[0929/174715.447:WARNING:pe_image_reader.cc(340)] could not read dos header from C:\Windows\SYSTEM32\ntdll.dll
[0929/174715.447:ERROR:process_memory_win.cc(73)] ReadMemory at 0x7fff7d8b0000 of 64 bytes failed: 仅完成部分的 ReadProcessMemory 或 WriteProcessMemory 请求。 (0x12B)
[0929/174715.447:WARNING:pe_image_reader.cc(340)] could not read dos header from C:\Windows\System32\KERNEL32.DLL
[0929/174715.447:ERROR:process_memory_win.cc(73)] ReadMemory at 0x7fff7bc90000 of 64 bytes failed: 仅完成部分的 ReadProcessMemory 或 WriteProcessMemory 请求。 (0x12B)
[0929/174715.447:WARNING:pe_image_reader.cc(340)] could not read dos header from C:\Windows\System32\KERNELBASE.dll
[0929/174715.447:ERROR:process_memory_win.cc(73)] ReadMemory at 0x7fff51070000 of 64 bytes failed: 仅完成部分的 ReadProcessMemory 或 WriteProcessMemory 请求。 (0x12B)
[0929/174715.447:WARNING:pe_image_reader.cc(340)] could not read dos header from C:\Program Files (x86)\Microsoft\Edge\Application\85.0.564.63\msedge_elf.dll
[0929/174715.447:ERROR:process_memory_win.cc(73)] ReadMemory at 0x7fff7cae0000 of 64 bytes failed: 仅完成部分的 ReadProcessMemory 或 WriteProcessMemory 请求。 (0x12B)
[0929/174715.447:WARNING:pe_image_reader.cc(340)] could not read dos header from C:\Windows\System32\bcryptPrimitives.dll
[0929/174715.447:ERROR:process_memory_win.cc(73)] ReadMemory at 0x7fff7f9b0000 of 64 bytes failed: 仅完成部分的 ReadProcessMemory 或 WriteProcessMemory 请求。 (0x12B)
[0929/174715.447:WARNING:pe_image_reader.cc(340)] could not read dos header from C:\Windows\System32\ADVAPI32.dll
[0929/174715.447:ERROR:process_memory_win.cc(73)] ReadMemory at 0x7fff7ce50000 of 64 bytes failed: 仅完成部分的 ReadProcessMemory 或 WriteProcessMemory 请求。 (0x12B)
[0929/174715.447:WARNING:pe_image_reader.cc(340)] could not read dos header from C:\Windows\System32\msvcrt.dll
[0929/174715.447:ERROR:process_memory_win.cc(73)] ReadMemory at 0x7fff7dff0000 of 64 bytes failed: 仅完成部分的 ReadProcessMemory 或 WriteProcessMemory 请求。 (0x12B)
[0929/174715.447:WARNING:pe_image_reader.cc(340)] could not read dos header from C:\Windows\System32\sechost.dll
[0929/174715.447:ERROR:process_memory_win.cc(73)] ReadMemory at 0x7fff7dde0000 of 64 bytes failed: 仅完成部分的 ReadProcessMemory 或 WriteProcessMemory 请求。 (0x12B)
[0929/174715.447:WARNING:pe_image_reader.cc(340)] could not read dos header from C:\Windows\System32\RPCRT4.dll
[0929/174715.447:ERROR:process_memory_win.cc(73)] ReadMemory at 0x7fff1a920000 of 64 bytes failed: 仅完成部分的 ReadProcessMemory 或 WriteProcessMemory 请求。 (0x12B)
[0929/174715.447:WARNING:pe_image_reader.cc(340)] could not read dos header from C:\Program Files (x86)\Microsoft\Edge\Application\85.0.564.63\msedge.dll
[0929/174715.448:ERROR:process_memory_win.cc(73)] ReadMemory at 0x7fff7fa60000 of 64 bytes failed: 仅完成部分的 ReadProcessMemory 或 WriteProcessMemory 请求。 (0x12B)
[0929/174715.448:WARNING:pe_image_reader.cc(340)] could not read dos header from C:\Windows\System32\WS2_32.dll
[0929/174715.448:ERROR:process_memory_win.cc(73)] ReadMemory at 0x7fff7df10000 of 64 bytes failed: 仅完成部分的 ReadProcessMemory 或 WriteProcessMemory 请求。 (0x12B)
[0929/174715.448:WARNING:pe_image_reader.cc(340)] could not read dos header from C:\Windows\System32\OLEAUT32.dll
[0929/174715.448:ERROR:process_memory_win.cc(73)] ReadMemory at 0x7fff7bf50000 of 64 bytes failed: 仅完成部分的 ReadProcessMemory 或 WriteProcessMemory 请求。 (0x12B)
[0929/174715.448:WARNING:pe_image_reader.cc(340)] could not read dos header from C:\Windows\System32\msvcp_win.dll
[0929/174715.448:ERROR:process_memory_win.cc(73)] ReadMemory at 0x7fff7bff0000 of 64 bytes failed: 仅完成部分的 ReadProcessMemory 或 WriteProcessMemory 请求。 (0x12B)
[0929/174715.448:WARNING:pe_image_reader.cc(340)] could not read dos header from C:\Windows\System32\ucrtbase.dll
[0929/174715.448:ERROR:process_memory_win.cc(73)] ReadMemory at 0x12814e40000 of 64 bytes failed: 仅完成部分的 ReadProcessMemory 或 WriteProcessMemory 请求。 (0x12B)
[0929/174715.448:WARNING:pe_image_reader.cc(340)] could not read dos header from C:\Windows\System32\combase.dll
[0929/174715.448:ERROR:process_memory_win.cc(73)] ReadMemory at 0x7fff7cd40000 of 64 bytes failed: 仅完成部分的 ReadProcessMemory 或 WriteProcessMemory 请求。 (0x12B)
[0929/174715.448:WARNING:pe_image_reader.cc(340)] could not read dos header from C:\Windows\System32\WINTRUST.dll
[0929/174715.448:ERROR:process_memory_win.cc(73)] ReadMemory at 0x7fff7bc20000 of 64 bytes failed: 仅完成部分的 ReadProcessMemory 或 WriteProcessMemory 请求。 (0x12B)
[0929/174715.448:WARNING:pe_image_reader.cc(340)] could not read dos header from C:\Windows\System32\MSASN1.dll
[0929/174715.448:ERROR:process_memory_win.cc(73)] ReadMemory at 0x7fff7cb60000 of 64 bytes failed: 仅完成部分的 ReadProcessMemory 或 WriteProcessMemory 请求。 (0x12B)
[0929/174715.448:WARNING:pe_image_reader.cc(340)] could not read dos header from C:\Windows\System32\CRYPT32.dll
[0929/174715.448:ERROR:process_memory_win.cc(73)] ReadMemory at 0x7fff7b100000 of 64 bytes failed: 仅完成部分的 ReadProcessMemory 或 WriteProcessMemory 请求。 (0x12B)
[0929/174715.448:WARNING:pe_image_reader.cc(340)] could not read dos header from C:\Windows\SYSTEM32\IPHLPAPI.DLL
[0929/174715.448:ERROR:process_memory_win.cc(73)] ReadMemory at 0x7fff79810000 of 64 bytes failed: 仅完成部分的 ReadProcessMemory 或 WriteProcessMemory 请求。 (0x12B)
[0929/174715.448:WARNING:pe_image_reader.cc(340)] could not read dos header from C:\Windows\SYSTEM32\WINMM.dll
[0929/174715.448:ERROR:process_memory_win.cc(73)] ReadMemory at 0x7fff4a410000 of 64 bytes failed: 仅完成部分的 ReadProcessMemory 或 WriteProcessMemory 请求。 (0x12B)
[0929/174715.448:WARNING:pe_image_reader.cc(340)] could not read dos header from C:\Windows\SYSTEM32\UIAutomationCore.DLL
[0929/174715.448:ERROR:process_memory_win.cc(73)] ReadMemory at 0x7fff7ae60000 of 64 bytes failed: 仅完成部分的 ReadProcessMemory 或 WriteProcessMemory 请求。 (0x12B)
[0929/174715.448:WARNING:pe_image_reader.cc(340)] could not read dos header from C:\Windows\SYSTEM32\Secur32.dll
[0929/174715.448:ERROR:process_memory_win.cc(73)] ReadMemory at 0x7fff7ba70000 of 64 bytes failed: 仅完成部分的 ReadProcessMemory 或 WriteProcessMemory 请求。 (0x12B)
[0929/174715.448:WARNING:pe_image_reader.cc(340)] could not read dos header from C:\Windows\SYSTEM32\USERENV.dll
[0929/174715.448:ERROR:process_memory_win.cc(73)] ReadMemory at 0x7fff7bb90000 of 64 bytes failed: 仅完成部分的 ReadProcessMemory 或 WriteProcessMemory 请求。 (0x12B)
[0929/174715.448:WARNING:pe_image_reader.cc(340)] could not read dos header from C:\Windows\System32\profapi.dll
[0929/174715.448:ERROR:process_memory_win.cc(73)] ReadMemory at 0x7fff76ab0000 of 64 bytes failed: 仅完成部分的 ReadProcessMemory 或 WriteProcessMemory 请求。 (0x12B)
[0929/174715.448:WARNING:pe_image_reader.cc(340)] could not read dos header from C:\Windows\SYSTEM32\WINHTTP.dll
[0929/174715.448:ERROR:process_memory_win.cc(73)] ReadMemory at 0x7fff5ae50000 of 64 bytes failed: 仅完成部分的 ReadProcessMemory 或 WriteProcessMemory 请求。 (0x12B)
[0929/174715.448:WARNING:pe_image_reader.cc(340)] could not read dos header from C:\Windows\SYSTEM32\DWrite.dll
[0929/174715.448:ERROR:process_memory_win.cc(73)] ReadMemory at 0x7fff720b0000 of 64 bytes failed: 仅完成部分的 ReadProcessMemory 或 WriteProcessMemory 请求。 (0x12B)
[0929/174715.448:WARNING:pe_image_reader.cc(340)] could not read dos header from C:\Windows\SYSTEM32\WINSPOOL.DRV
[0929/174715.448:ERROR:process_memory_win.cc(73)] ReadMemory at 0x7fff7bb70000 of 64 bytes failed: 仅完成部分的 ReadProcessMemory 或 WriteProcessMemory 请求。 (0x12B)
[0929/174715.448:WARNING:pe_image_reader.cc(340)] could not read dos header from C:\Windows\System32\kernel.appcore.dll
[0929/174715.448:ERROR:process_memory_win.cc(73)] ReadMemory at 0x7fff7cab0000 of 64 bytes failed: 仅完成部分的 ReadProcessMemory 或 WriteProcessMemory 请求。 (0x12B)
[0929/174715.448:WARNING:pe_image_reader.cc(340)] could not read dos header from C:\Windows\System32\bcrypt.dll
[0929/174715.448:ERROR:process_memory_win.cc(73)] ReadMemory at 0x7fff79a10000 of 64 bytes failed: 仅完成部分的 ReadProcessMemory 或 WriteProcessMemory 请求。 (0x12B)
[0929/174715.448:WARNING:pe_image_reader.cc(340)] could not read dos header from C:\Windows\SYSTEM32\dbghelp.dll
[0929/174715.448:ERROR:process_memory_win.cc(73)] ReadMemory at 0x7fff7b6b0000 of 64 bytes failed: 仅完成部分的 ReadProcessMemory 或 WriteProcessMemory 请求。 (0x12B)
[0929/174715.449:WARNING:pe_image_reader.cc(340)] could not read dos header from C:\Windows\SYSTEM32\ncrypt.dll
[0929/174715.449:ERROR:process_memory_win.cc(73)] ReadMemory at 0x7fff76610000 of 64 bytes failed: 仅完成部分的 ReadProcessMemory 或 WriteProcessMemory 请求。 (0x12B)
[0929/174715.449:WARNING:pe_image_reader.cc(340)] could not read dos header from C:\Windows\SYSTEM32\dhcpcsvc.DLL
[0929/174715.449:ERROR:process_memory_win.cc(73)] ReadMemory at 0x7fff7d400000 of 64 bytes failed: 仅完成部分的 ReadProcessMemory 或 WriteProcessMemory 请求。 (0x12B)
[0929/174715.449:WARNING:pe_image_reader.cc(340)] could not read dos header from C:\Windows\System32\NSI.dll
[0929/174715.449:ERROR:process_memory_win.cc(73)] ReadMemory at 0x7fff797e0000 of 64 bytes failed: 仅完成部分的 ReadProcessMemory 或 WriteProcessMemory 请求。 (0x12B)
[0929/174715.449:WARNING:pe_image_reader.cc(340)] could not read dos header from C:\Windows\SYSTEM32\WINMMBASE.dll
[0929/174715.449:ERROR:process_memory_win.cc(73)] ReadMemory at 0x7fff7bc40000 of 64 bytes failed: 仅完成部分的 ReadProcessMemory 或 WriteProcessMemory 请求。 (0x12B)
[0929/174715.449:WARNING:pe_image_reader.cc(340)] could not read dos header from C:\Windows\System32\cfgmgr32.dll
[0929/174715.449:ERROR:process_memory_win.cc(73)] ReadMemory at 0x7fff62010000 of 64 bytes failed: 仅完成部分的 ReadProcessMemory 或 WriteProcessMemory 请求。 (0x12B)
[0929/174715.449:WARNING:pe_image_reader.cc(340)] could not read dos header from C:\Windows\SYSTEM32\Bcp47Langs.dll
[0929/174715.449:ERROR:process_memory_win.cc(73)] ReadMemory at 0x7fff77960000 of 64 bytes failed: 仅完成部分的 ReadProcessMemory 或 WriteProcessMemory 请求。 (0x12B)
[0929/174715.449:WARNING:pe_image_reader.cc(340)] could not read dos header from C:\Windows\SYSTEM32\PROPSYS.dll
[0929/174715.449:ERROR:process_memory_win.cc(73)] ReadMemory at 0x7fff7e290000 of 64 bytes failed: 仅完成部分的 ReadProcessMemory 或 WriteProcessMemory 请求。 (0x12B)
[0929/174715.449:WARNING:pe_image_reader.cc(340)] could not read dos header from C:\Windows\System32\shcore.dll
[0929/174715.449:ERROR:process_memory_win.cc(73)] ReadMemory at 0x7fff7b670000 of 64 bytes failed: 仅完成部分的 ReadProcessMemory 或 WriteProcessMemory 请求。 (0x12B)
[0929/174715.449:WARNING:pe_image_reader.cc(340)] could not read dos header from C:\Windows\SYSTEM32\NTASN1.dll
[0929/174715.449:ERROR:process_memory_win.cc(73)] ReadMemory at 0x7fff7baa0000 of 64 bytes failed: 仅完成部分的 ReadProcessMemory 或 WriteProcessMemory 请求。 (0x12B)
[0929/174715.449:WARNING:pe_image_reader.cc(340)] could not read dos header from C:\Windows\SYSTEM32\SSPICLI.DLL
[0929/174715.449:ERROR:process_memory_win.cc(73)] ReadMemory at 0x7fff7b5b0000 of 64 bytes failed: 仅完成部分的 ReadProcessMemory 或 WriteProcessMemory 请求。 (0x12B)
[0929/174715.449:WARNING:pe_image_reader.cc(340)] could not read dos header from C:\Windows\SYSTEM32\CRYPTBASE.DLL
[0929/174715.457:ERROR:process_memory_win.cc(73)] ReadMemory at 0x1268df2000 of 57344 bytes failed: 仅完成部分的 ReadProcessMemory 或 WriteProcessMemory 请求。 (0x12B)
[0929/174715.457:ERROR:process_memory_win.cc(73)] ReadMemory at 0x12695fe000 of 8192 bytes failed: 仅完成部分的 ReadProcessMemory 或 WriteProcessMemory 请求。 (0x12B)
[0929/174715.458:ERROR:process_memory_win.cc(73)] ReadMemory at 0x1269dfd000 of 12288 bytes failed: 仅完成部分的 ReadProcessMemory 或 WriteProcessMemory 请求。 (0x12B)
[0929/174715.458:ERROR:process_memory_win.cc(73)] ReadMemory at 0x126a5f7000 of 36864 bytes failed: 仅完成部分的 ReadProcessMemory 或 WriteProcessMemory 请求。 (0x12B)
[0929/174715.458:ERROR:process_memory_win.cc(73)] ReadMemory at 0x126adfc000 of 16384 bytes failed: 仅完成部分的 ReadProcessMemory 或 WriteProcessMemory 请求。 (0x12B)
[0929/174715.458:ERROR:process_memory_win.cc(73)] ReadMemory at 0x126b5fc000 of 16384 bytes failed: 仅完成部分的 ReadProcessMemory 或 WriteProcessMemory 请求。 (0x12B)
[0929/174715.458:ERROR:process_memory_win.cc(73)] ReadMemory at 0x126bdfd000 of 12288 bytes failed: 仅完成部分的 ReadProcessMemory 或 WriteProcessMemory 请求。 (0x12B)
[0929/174715.458:ERROR:process_memory_win.cc(73)] ReadMemory at 0x126c5fc000 of 16384 bytes failed: 仅完成部分的 ReadProcessMemory 或 WriteProcessMemory 请求。 (0x12B)
[0929/174715.458:ERROR:process_memory_win.cc(73)] ReadMemory at 0x126d5fd000 of 12288 bytes failed: 仅完成部分的 ReadProcessMemory 或 WriteProcessMemory 请求。 (0x12B)
[0929/174715.458:ERROR:process_memory_win.cc(73)] ReadMemory at 0x126ddfd000 of 12288 bytes failed: 仅完成部分的 ReadProcessMemory 或 WriteProcessMemory 请求。 (0x12B)
[0929/174715.458:ERROR:process_memory_win.cc(73)] ReadMemory at 0x126e5fd000 of 12288 bytes failed: 仅完成部分的 ReadProcessMemory 或 WriteProcessMemory 请求。 (0x12B)
[0929/174715.458:ERROR:process_memory_win.cc(73)] ReadMemory at 0x126edf6000 of 40960 bytes failed: 仅完成部分的 ReadProcessMemory 或 WriteProcessMemory 请求。 (0x12B)
[0929/174715.458:ERROR:process_memory_win.cc(73)] ReadMemory at 0x126f5fd000 of 12288 bytes failed: 仅完成部分的 ReadProcessMemory 或 WriteProcessMemory 请求。 (0x12B)
[0929/174715.458:ERROR:process_memory_win.cc(73)] ReadMemory at 0x126fdfd000 of 12288 bytes failed: 仅完成部分的 ReadProcessMemory 或 WriteProcessMemory 请求。 (0x12B)
[0929/174715.458:ERROR:process_memory_win.cc(73)] ReadMemory at 0x126cdf8000 of 32768 bytes failed: 仅完成部分的 ReadProcessMemory 或 WriteProcessMemory 请求。 (0x12B)
[0929/174715.458:ERROR:process_memory_win.cc(73)] ReadMemory at 0x12705fb000 of 20480 bytes failed: 仅完成部分的 ReadProcessMemory 或 WriteProcessMemory 请求。 (0x12B)
[0929/174715.458:ERROR:process_memory_win.cc(73)] ReadMemory at 0x1270df8000 of 32768 bytes failed: 仅完成部分的 ReadProcessMemory 或 WriteProcessMemory 请求。 (0x12B)
[0929/174715.458:ERROR:process_memory_win.cc(73)] ReadMemory at 0x12715fa000 of 24576 bytes failed: 仅完成部分的 ReadProcessMemory 或 WriteProcessMemory 请求。 (0x12B)
[0929/174715.459:ERROR:process_memory_win.cc(73)] ReadMemory at 0x1271dfd000 of 12288 bytes failed: 仅完成部分的 ReadProcessMemory 或 WriteProcessMemory 请求。 (0x12B)
[0929/174715.459:ERROR:process_memory_win.cc(73)] ReadMemory at 0x12725fd000 of 12288 bytes failed: 仅完成部分的 ReadProcessMemory 或 WriteProcessMemory 请求。 (0x12B)
[0929/174715.459:ERROR:process_memory_win.cc(73)] ReadMemory at 0x1272dfd000 of 12288 bytes failed: 仅完成部分的 ReadProcessMemory 或 WriteProcessMemory 请求。 (0x12B)
[0929/174715.459:ERROR:process_memory_win.cc(73)] ReadMemory at 0x12735fd000 of 12288 bytes failed: 仅完成部分的 ReadProcessMemory 或 WriteProcessMemory 请求。 (0x12B)
[0929/174715.459:ERROR:process_memory_win.cc(73)] ReadMemory at 0x1268594000 of 852 bytes failed: 仅完成部分的 ReadProcessMemory 或 WriteProcessMemory 请求。 (0x12B)
[0929/174715.459:ERROR:process_memory_win.cc(73)] ReadMemory at 0x1268595000 of 6024 bytes failed: 仅完成部分的 ReadProcessMemory 或 WriteProcessMemory 请求。 (0x12B)
[0929/174715.459:ERROR:process_memory_win.cc(73)] ReadMemory at 0x1268597000 of 6024 bytes failed: 仅完成部分的 ReadProcessMemory 或 WriteProcessMemory 请求。 (0x12B)
[0929/174715.459:ERROR:process_memory_win.cc(73)] ReadMemory at 0x1268599000 of 6024 bytes failed: 仅完成部分的 ReadProcessMemory 或 WriteProcessMemory 请求。 (0x12B)
[0929/174715.459:ERROR:process_memory_win.cc(73)] ReadMemory at 0x126859b000 of 6024 bytes failed: 仅完成部分的 ReadProcessMemory 或 WriteProcessMemory 请求。 (0x12B)
[0929/174715.459:ERROR:process_memory_win.cc(73)] ReadMemory at 0x126859d000 of 6024 bytes failed: 仅完成部分的 ReadProcessMemory 或 WriteProcessMemory 请求。 (0x12B)
[0929/174715.459:ERROR:process_memory_win.cc(73)] ReadMemory at 0x126859f000 of 6024 bytes failed: 仅完成部分的 ReadProcessMemory 或 WriteProcessMemory 请求。 (0x12B)
[0929/174715.459:ERROR:process_memory_win.cc(73)] ReadMemory at 0x12685a1000 of 6024 bytes failed: 仅完成部分的 ReadProcessMemory 或 WriteProcessMemory 请求。 (0x12B)
[0929/174715.459:ERROR:process_memory_win.cc(73)] ReadMemory at 0x12685a3000 of 6024 bytes failed: 仅完成部分的 ReadProcessMemory 或 WriteProcessMemory 请求。 (0x12B)
[0929/174715.459:ERROR:process_memory_win.cc(73)] ReadMemory at 0x12685a7000 of 6024 bytes failed: 仅完成部分的 ReadProcessMemory 或 WriteProcessMemory 请求。 (0x12B)
[0929/174715.459:ERROR:process_memory_win.cc(73)] ReadMemory at 0x12685a9000 of 6024 bytes failed: 仅完成部分的 ReadProcessMemory 或 WriteProcessMemory 请求。 (0x12B)
[0929/174715.460:ERROR:process_memory_win.cc(73)] ReadMemory at 0x12685ab000 of 6024 bytes failed: 仅完成部分的 ReadProcessMemory 或 WriteProcessMemory 请求。 (0x12B)
[0929/174715.460:ERROR:process_memory_win.cc(73)] ReadMemory at 0x12685ad000 of 6024 bytes failed: 仅完成部分的 ReadProcessMemory 或 WriteProcessMemory 请求。 (0x12B)
[0929/174715.460:ERROR:process_memory_win.cc(73)] ReadMemory at 0x12685af000 of 6024 bytes failed: 仅完成部分的 ReadProcessMemory 或 WriteProcessMemory 请求。 (0x12B)
[0929/174715.460:ERROR:process_memory_win.cc(73)] ReadMemory at 0x12685b1000 of 6024 bytes failed: 仅完成部分的 ReadProcessMemory 或 WriteProcessMemory 请求。 (0x12B)
[0929/174715.460:ERROR:process_memory_win.cc(73)] ReadMemory at 0x12685b3000 of 6024 bytes failed: 仅完成部分的 ReadProcessMemory 或 WriteProcessMemory 请求。 (0x12B)
[0929/174715.460:ERROR:process_memory_win.cc(73)] ReadMemory at 0x12685b5000 of 6024 bytes failed: 仅完成部分的 ReadProcessMemory 或 WriteProcessMemory 请求。 (0x12B)
[0929/174715.460:ERROR:process_memory_win.cc(73)] ReadMemory at 0x12685b7000 of 6024 bytes failed: 仅完成部分的 ReadProcessMemory 或 WriteProcessMemory 请求。 (0x12B)
[0929/174715.460:ERROR:process_memory_win.cc(73)] ReadMemory at 0x12685b9000 of 6024 bytes failed: 仅完成部分的 ReadProcessMemory 或 WriteProcessMemory 请求。 (0x12B)
[0929/174715.460:ERROR:process_memory_win.cc(73)] ReadMemory at 0x12685bb000 of 6024 bytes failed: 仅完成部分的 ReadProcessMemory 或 WriteProcessMemory 请求。 (0x12B)
[0929/174715.460:ERROR:process_memory_win.cc(73)] ReadMemory at 0x12685bd000 of 6024 bytes failed: 仅完成部分的 ReadProcessMemory 或 WriteProcessMemory 请求。 (0x12B)
[0929/174715.461:ERROR:process_memory_win.cc(73)] ReadMemory at 0x12685bf000 of 6024 bytes failed: 仅完成部分的 ReadProcessMemory 或 WriteProcessMemory 请求。 (0x12B)
[0929/174715.461:ERROR:process_memory_win.cc(73)] ReadMemory at 0x12685c1000 of 6024 bytes failed: 仅完成部分的 ReadProcessMemory 或 WriteProcessMemory 请求。 (0x12B)
[0929/174715.461:ERROR:process_memory_win.cc(73)] ReadMemory at 0x128146102c0 of 40 bytes failed: 仅完成部分的 ReadProcessMemory 或 WriteProcessMemory 请求。 (0x12B)
[0929/174715.461:ERROR:process_memory_win.cc(73)] ReadMemory at 0x128146202c0 of 40 bytes failed: 仅完成部分的 ReadProcessMemory 或 WriteProcessMemory 请求。 (0x12B)
[0929/174715.461:ERROR:process_memory_win.cc(73)] ReadMemory at 0x128147802c0 of 40 bytes failed: 仅完成部分的 ReadProcessMemory 或 WriteProcessMemory 请求。 (0x12B)
[0929/174715.461:ERROR:process_memory_win.cc(73)] ReadMemory at 0x128147b1600 of 512 bytes failed: 仅完成部分的 ReadProcessMemory 或 WriteProcessMemory 请求。 (0x12B)
[0929/174715.461:ERROR:process_memory_win.cc(73)] ReadMemory at 0x128148502a4 of 512 bytes failed: 仅完成部分的 ReadProcessMemory 或 WriteProcessMemory 请求。 (0x12B)
[0929/174715.461:ERROR:process_memory_win.cc(73)] ReadMemory at 0x12814850fe0 of 8222 bytes failed: 仅完成部分的 ReadProcessMemory 或 WriteProcessMemory 请求。 (0x12B)
[0929/174715.461:ERROR:process_memory_win.cc(73)] ReadMemory at 0x12814853010 of 1012 bytes failed: 仅完成部分的 ReadProcessMemory 或 WriteProcessMemory 请求。 (0x12B)
[0929/174715.461:ERROR:process_memory_win.cc(73)] ReadMemory at 0x12814853638 of 120 bytes failed: 仅完成部分的 ReadProcessMemory 或 WriteProcessMemory 请求。 (0x12B)
[0929/174715.461:ERROR:process_memory_win.cc(73)] ReadMemory at 0x128148536b2 of 1220 bytes failed: 仅完成部分的 ReadProcessMemory 或 WriteProcessMemory 请求。 (0x12B)
[0929/174715.461:ERROR:process_memory_win.cc(73)] ReadMemory at 0x12814853b78 of 120 bytes failed: 仅完成部分的 ReadProcessMemory 或 WriteProcessMemory 请求。 (0x12B)
[0929/174715.461:ERROR:process_memory_win.cc(73)] ReadMemory at 0x12814853bf2 of 100 bytes failed: 仅完成部分的 ReadProcessMemory 或 WriteProcessMemory 请求。 (0x12B)
[0929/174715.461:ERROR:process_memory_win.cc(73)] ReadMemory at 0x12814853c70 of 58 bytes failed: 仅完成部分的 ReadProcessMemory 或 WriteProcessMemory 请求。 (0x12B)
[0929/174715.461:ERROR:process_memory_win.cc(73)] ReadMemory at 0x12814853d70 of 132 bytes failed: 仅完成部分的 ReadProcessMemory 或 WriteProcessMemory 请求。 (0x12B)
[0929/174715.461:ERROR:process_memory_win.cc(73)] ReadMemory at 0x12814853f00 of 132 bytes failed: 仅完成部分的 ReadProcessMemory 或 WriteProcessMemory 请求。 (0x12B)
[0929/174715.462:ERROR:process_memory_win.cc(73)] ReadMemory at 0x12814854010 of 512 bytes failed: 仅完成部分的 ReadProcessMemory 或 WriteProcessMemory 请求。 (0x12B)
[0929/174715.462:ERROR:process_memory_win.cc(73)] ReadMemory at 0x128148544a0 of 132 bytes failed: 仅完成部分的 ReadProcessMemory 或 WriteProcessMemory 请求。 (0x12B)
[0929/174715.462:ERROR:process_memory_win.cc(73)] ReadMemory at 0x12814854630 of 64 bytes failed: 仅完成部分的 ReadProcessMemory 或 WriteProcessMemory 请求。 (0x12B)
[0929/174715.462:ERROR:process_memory_win.cc(73)] ReadMemory at 0x128148547f0 of 132 bytes failed: 仅完成部分的 ReadProcessMemory 或 WriteProcessMemory 请求。 (0x12B)
[0929/174715.462:ERROR:process_memory_win.cc(73)] ReadMemory at 0x12814854a90 of 132 bytes failed: 仅完成部分的 ReadProcessMemory 或 WriteProcessMemory 请求。 (0x12B)
[0929/174715.462:ERROR:process_memory_win.cc(73)] ReadMemory at 0x12814854c20 of 68 bytes failed: 仅完成部分的 ReadProcessMemory 或 WriteProcessMemory 请求。 (0x12B)
[0929/174715.462:ERROR:process_memory_win.cc(73)] ReadMemory at 0x12814855b80 of 152 bytes failed: 仅完成部分的 ReadProcessMemory 或 WriteProcessMemory 请求。 (0x12B)
[0929/174715.462:ERROR:process_memory_win.cc(73)] ReadMemory at 0x1281485c5b0 of 54 bytes failed: 仅完成部分的 ReadProcessMemory 或 WriteProcessMemory 请求。 (0x12B)
[0929/174715.462:ERROR:process_memory_win.cc(73)] ReadMemory at 0x128148601a0 of 80 bytes failed: 仅完成部分的 ReadProcessMemory 或 WriteProcessMemory 请求。 (0x12B)
[0929/174715.462:ERROR:process_memory_win.cc(73)] ReadMemory at 0x12814862960 of 60 bytes failed: 仅完成部分的 ReadProcessMemory 或 WriteProcessMemory 请求。 (0x12B)
[0929/174715.462:ERROR:process_memory_win.cc(73)] ReadMemory at 0x12814862aa0 of 62 bytes failed: 仅完成部分的 ReadProcessMemory 或 WriteProcessMemory 请求。 (0x12B)
[0929/174715.462:ERROR:process_memory_win.cc(73)] ReadMemory at 0x12814862af0 of 60 bytes failed: 仅完成部分的 ReadProcessMemory 或 WriteProcessMemory 请求。 (0x12B)
[0929/174715.462:ERROR:process_memory_win.cc(73)] ReadMemory at 0x12814862d20 of 64 bytes failed: 仅完成部分的 ReadProcessMemory 或 WriteProcessMemory 请求。 (0x12B)
[0929/174715.462:ERROR:process_memory_win.cc(73)] ReadMemory at 0x12814865d20 of 132 bytes failed: 仅完成部分的 ReadProcessMemory 或 WriteProcessMemory 请求。 (0x12B)
[0929/174715.462:ERROR:process_memory_win.cc(73)] ReadMemory at 0x12814865f80 of 132 bytes failed: 仅完成部分的 ReadProcessMemory 或 WriteProcessMemory 请求。 (0x12B)
[0929/174715.462:ERROR:process_memory_win.cc(73)] ReadMemory at 0x128148661a0 of 132 bytes failed: 仅完成部分的 ReadProcessMemory 或 WriteProcessMemory 请求。 (0x12B)
[0929/174715.462:ERROR:process_memory_win.cc(73)] ReadMemory at 0x12814866480 of 132 bytes failed: 仅完成部分的 ReadProcessMemory 或 WriteProcessMemory 请求。 (0x12B)
[0929/174715.462:ERROR:process_memory_win.cc(73)] ReadMemory at 0x128148677e0 of 132 bytes failed: 仅完成部分的 ReadProcessMemory 或 WriteProcessMemory 请求。 (0x12B)
[0929/174715.462:ERROR:process_memory_win.cc(73)] ReadMemory at 0x12814867ac0 of 132 bytes failed: 仅完成部分的 ReadProcessMemory 或 WriteProcessMemory 请求。 (0x12B)
[0929/174715.462:ERROR:process_memory_win.cc(73)] ReadMemory at 0x12814867ec0 of 132 bytes failed: 仅完成部分的 ReadProcessMemory 或 WriteProcessMemory 请求。 (0x12B)
[0929/174715.462:ERROR:process_memory_win.cc(73)] ReadMemory at 0x12814867ff0 of 132 bytes failed: 仅完成部分的 ReadProcessMemory 或 WriteProcessMemory 请求。 (0x12B)
[0929/174715.462:ERROR:process_memory_win.cc(73)] ReadMemory at 0x12814868120 of 132 bytes failed: 仅完成部分的 ReadProcessMemory 或 WriteProcessMemory 请求。 (0x12B)
[0929/174715.463:ERROR:process_memory_win.cc(73)] ReadMemory at 0x12814868250 of 132 bytes failed: 仅完成部分的 ReadProcessMemory 或 WriteProcessMemory 请求。 (0x12B)
[0929/174715.463:ERROR:process_memory_win.cc(73)] ReadMemory at 0x12814868380 of 132 bytes failed: 仅完成部分的 ReadProcessMemory 或 WriteProcessMemory 请求。 (0x12B)
[0929/174715.463:ERROR:process_memory_win.cc(73)] ReadMemory at 0x128148684b0 of 132 bytes failed: 仅完成部分的 ReadProcessMemory 或 WriteProcessMemory 请求。 (0x12B)
[0929/174715.463:ERROR:process_memory_win.cc(73)] ReadMemory at 0x12814868710 of 132 bytes failed: 仅完成部分的 ReadProcessMemory 或 WriteProcessMemory 请求。 (0x12B)
[0929/174715.463:ERROR:process_memory_win.cc(73)] ReadMemory at 0x12814868840 of 132 bytes failed: 仅完成部分的 ReadProcessMemory 或 WriteProcessMemory 请求。 (0x12B)
[0929/174715.463:ERROR:process_memory_win.cc(73)] ReadMemory at 0x12814868970 of 132 bytes failed: 仅完成部分的 ReadProcessMemory 或 WriteProcessMemory 请求。 (0x12B)
[0929/174715.463:ERROR:process_memory_win.cc(73)] ReadMemory at 0x12814868aa0 of 132 bytes failed: 仅完成部分的 ReadProcessMemory 或 WriteProcessMemory 请求。 (0x12B)
[0929/174715.463:ERROR:process_memory_win.cc(73)] ReadMemory at 0x12814868bd0 of 132 bytes failed: 仅完成部分的 ReadProcessMemory 或 WriteProcessMemory 请求。 (0x12B)
[0929/174715.463:ERROR:process_memory_win.cc(73)] ReadMemory at 0x12814868d00 of 132 bytes failed: 仅完成部分的 ReadProcessMemory 或 WriteProcessMemory 请求。 (0x12B)
[0929/174715.463:ERROR:process_memory_win.cc(73)] ReadMemory at 0x1281486a7e0 of 132 bytes failed: 仅完成部分的 ReadProcessMemory 或 WriteProcessMemory 请求。 (0x12B)
[0929/174715.463:ERROR:process_memory_win.cc(73)] ReadMemory at 0x1281486c5b0 of 132 bytes failed: 仅完成部分的 ReadProcessMemory 或 WriteProcessMemory 请求。 (0x12B)
[0929/174715.463:ERROR:process_memory_win.cc(73)] ReadMemory at 0x1281486c910 of 132 bytes failed: 仅完成部分的 ReadProcessMemory 或 WriteProcessMemory 请求。 (0x12B)
[0929/174715.463:ERROR:process_memory_win.cc(73)] ReadMemory at 0x1281486cc40 of 64 bytes failed: 仅完成部分的 ReadProcessMemory 或 WriteProcessMemory 请求。 (0x12B)
[0929/174715.463:ERROR:process_memory_win.cc(73)] ReadMemory at 0x1281486cc90 of 62 bytes failed: 仅完成部分的 ReadProcessMemory 或 WriteProcessMemory 请求。 (0x12B)
[0929/174715.463:ERROR:process_memory_win.cc(73)] ReadMemory at 0x1281486cce0 of 62 bytes failed: 仅完成部分的 ReadProcessMemory 或 WriteProcessMemory 请求。 (0x12B)
[0929/174715.463:ERROR:process_memory_win.cc(73)] ReadMemory at 0x1281486cd80 of 64 bytes failed: 仅完成部分的 ReadProcessMemory 或 WriteProcessMemory 请求。 (0x12B)
[0929/174715.463:ERROR:process_memory_win.cc(73)] ReadMemory at 0x1281486cdd0 of 60 bytes failed: 仅完成部分的 ReadProcessMemory 或 WriteProcessMemory 请求。 (0x12B)
[0929/174715.463:ERROR:process_memory_win.cc(73)] ReadMemory at 0x1281486ce20 of 62 bytes failed: 仅完成部分的 ReadProcessMemory 或 WriteProcessMemory 请求。 (0x12B)
[0929/174715.463:ERROR:process_memory_win.cc(73)] ReadMemory at 0x1281486cec0 of 58 bytes failed: 仅完成部分的 ReadProcessMemory 或 WriteProcessMemory 请求。 (0x12B)
[0929/174715.463:ERROR:process_memory_win.cc(73)] ReadMemory at 0x1281486cf10 of 60 bytes failed: 仅完成部分的 ReadProcessMemory 或 WriteProcessMemory 请求。 (0x12B)
[0929/174715.463:ERROR:process_memory_win.cc(73)] ReadMemory at 0x1281486cf60 of 64 bytes failed: 仅完成部分的 ReadProcessMemory 或 WriteProcessMemory 请求。 (0x12B)
[0929/174715.463:ERROR:process_memory_win.cc(73)] ReadMemory at 0x1281486cfb0 of 62 bytes failed: 仅完成部分的 ReadProcessMemory 或 WriteProcessMemory 请求。 (0x12B)
[0929/174715.464:ERROR:process_memory_win.cc(73)] ReadMemory at 0x1281486d000 of 62 bytes failed: 仅完成部分的 ReadProcessMemory 或 WriteProcessMemory 请求。 (0x12B)
[0929/174715.464:ERROR:process_memory_win.cc(73)] ReadMemory at 0x1281486d050 of 62 bytes failed: 仅完成部分的 ReadProcessMemory 或 WriteProcessMemory 请求。 (0x12B)
[0929/174715.464:ERROR:process_memory_win.cc(73)] ReadMemory at 0x1281486d0f0 of 60 bytes failed: 仅完成部分的 ReadProcessMemory 或 WriteProcessMemory 请求。 (0x12B)
[0929/174715.464:ERROR:process_memory_win.cc(73)] ReadMemory at 0x1281486d140 of 66 bytes failed: 仅完成部分的 ReadProcessMemory 或 WriteProcessMemory 请求。 (0x12B)
[0929/174715.464:ERROR:process_memory_win.cc(73)] ReadMemory at 0x1281486d190 of 64 bytes failed: 仅完成部分的 ReadProcessMemory 或 WriteProcessMemory 请求。 (0x12B)
[0929/174715.464:ERROR:process_memory_win.cc(73)] ReadMemory at 0x1281486d230 of 60 bytes failed: 仅完成部分的 ReadProcessMemory 或 WriteProcessMemory 请求。 (0x12B)
[0929/174715.464:ERROR:process_memory_win.cc(73)] ReadMemory at 0x1281486d280 of 64 bytes failed: 仅完成部分的 ReadProcessMemory 或 WriteProcessMemory 请求。 (0x12B)
[0929/174715.464:ERROR:process_memory_win.cc(73)] ReadMemory at 0x1281486d2d0 of 62 bytes failed: 仅完成部分的 ReadProcessMemory 或 WriteProcessMemory 请求。 (0x12B)
[0929/174715.464:ERROR:process_memory_win.cc(73)] ReadMemory at 0x1281486d320 of 60 bytes failed: 仅完成部分的 ReadProcessMemory 或 WriteProcessMemory 请求。 (0x12B)
[0929/174715.464:ERROR:process_memory_win.cc(73)] ReadMemory at 0x1281486d490 of 132 bytes failed: 仅完成部分的 ReadProcessMemory 或 WriteProcessMemory 请求。 (0x12B)
[0929/174715.464:ERROR:process_memory_win.cc(73)] ReadMemory at 0x1281486d5c0 of 144 bytes failed: 仅完成部分的 ReadProcessMemory 或 WriteProcessMemory 请求。 (0x12B)
[0929/174715.464:ERROR:process_memory_win.cc(73)] ReadMemory at 0x128148700b0 of 132 bytes failed: 仅完成部分的 ReadProcessMemory 或 WriteProcessMemory 请求。 (0x12B)
[0929/174715.464:ERROR:process_memory_win.cc(73)] ReadMemory at 0x128148701e0 of 132 bytes failed: 仅完成部分的 ReadProcessMemory 或 WriteProcessMemory 请求。 (0x12B)
[0929/174715.464:ERROR:process_memory_win.cc(73)] ReadMemory at 0x128148733b0 of 132 bytes failed: 仅完成部分的 ReadProcessMemory 或 WriteProcessMemory 请求。 (0x12B)
[0929/174715.464:ERROR:process_memory_win.cc(73)] ReadMemory at 0x128148734e0 of 132 bytes failed: 仅完成部分的 ReadProcessMemory 或 WriteProcessMemory 请求。 (0x12B)
[0929/174715.464:ERROR:process_memory_win.cc(73)] ReadMemory at 0x12814873740 of 132 bytes failed: 仅完成部分的 ReadProcessMemory 或 WriteProcessMemory 请求。 (0x12B)
[0929/174715.464:ERROR:process_memory_win.cc(73)] ReadMemory at 0x128148739a0 of 132 bytes failed: 仅完成部分的 ReadProcessMemory 或 WriteProcessMemory 请求。 (0x12B)
[0929/174715.464:ERROR:process_memory_win.cc(73)] ReadMemory at 0x12814873ad0 of 132 bytes failed: 仅完成部分的 ReadProcessMemory 或 WriteProcessMemory 请求。 (0x12B)
[0929/174715.464:ERROR:process_memory_win.cc(73)] ReadMemory at 0x12814873c00 of 132 bytes failed: 仅完成部分的 ReadProcessMemory 或 WriteProcessMemory 请求。 (0x12B)
[0929/174715.464:ERROR:process_memory_win.cc(73)] ReadMemory at 0x12814873f90 of 132 bytes failed: 仅完成部分的 ReadProcessMemory 或 WriteProcessMemory 请求。 (0x12B)
[0929/174715.464:ERROR:process_memory_win.cc(73)] ReadMemory at 0x128148741f0 of 132 bytes failed: 仅完成部分的 ReadProcessMemory 或 WriteProcessMemory 请求。 (0x12B)
[0929/174715.465:ERROR:process_memory_win.cc(73)] ReadMemory at 0x12814874450 of 132 bytes failed: 仅完成部分的 ReadProcessMemory 或 WriteProcessMemory 请求。 (0x12B)
[0929/174715.465:ERROR:process_memory_win.cc(73)] ReadMemory at 0x12814874580 of 132 bytes failed: 仅完成部分的 ReadProcessMemory 或 WriteProcessMemory 请求。 (0x12B)
[0929/174715.465:ERROR:process_memory_win.cc(73)] ReadMemory at 0x128148746b0 of 132 bytes failed: 仅完成部分的 ReadProcessMemory 或 WriteProcessMemory 请求。 (0x12B)
[0929/174715.465:ERROR:process_memory_win.cc(73)] ReadMemory at 0x12814874ca0 of 132 bytes failed: 仅完成部分的 ReadProcessMemory 或 WriteProcessMemory 请求。 (0x12B)
[0929/174715.465:ERROR:process_memory_win.cc(73)] ReadMemory at 0x12814876340 of 76 bytes failed: 仅完成部分的 ReadProcessMemory 或 WriteProcessMemory 请求。 (0x12B)
[0929/174715.465:ERROR:process_memory_win.cc(73)] ReadMemory at 0x12814876520 of 80 bytes failed: 仅完成部分的 ReadProcessMemory 或 WriteProcessMemory 请求。 (0x12B)
[0929/174715.465:ERROR:process_memory_win.cc(73)] ReadMemory at 0x12814879a60 of 60 bytes failed: 仅完成部分的 ReadProcessMemory 或 WriteProcessMemory 请求。 (0x12B)
[0929/174715.465:ERROR:process_memory_win.cc(73)] ReadMemory at 0x12814879b50 of 62 bytes failed: 仅完成部分的 ReadProcessMemory 或 WriteProcessMemory 请求。 (0x12B)
[0929/174715.465:ERROR:process_memory_win.cc(73)] ReadMemory at 0x12814879d30 of 62 bytes failed: 仅完成部分的 ReadProcessMemory 或 WriteProcessMemory 请求。 (0x12B)
[0929/174715.465:ERROR:process_memory_win.cc(73)] ReadMemory at 0x12814879e20 of 66 bytes failed: 仅完成部分的 ReadProcessMemory 或 WriteProcessMemory 请求。 (0x12B)
[0929/174715.465:ERROR:process_memory_win.cc(73)] ReadMemory at 0x12814879ec0 of 60 bytes failed: 仅完成部分的 ReadProcessMemory 或 WriteProcessMemory 请求。 (0x12B)
[0929/174715.465:ERROR:process_memory_win.cc(73)] ReadMemory at 0x12814879f60 of 64 bytes failed: 仅完成部分的 ReadProcessMemory 或 WriteProcessMemory 请求。 (0x12B)
[0929/174715.465:ERROR:process_memory_win.cc(73)] ReadMemory at 0x1281487a0f0 of 64 bytes failed: 仅完成部分的 ReadProcessMemory 或 WriteProcessMemory 请求。 (0x12B)
[0929/174715.465:ERROR:process_memory_win.cc(73)] ReadMemory at 0x1281487a4b0 of 68 bytes failed: 仅完成部分的 ReadProcessMemory 或 WriteProcessMemory 请求。 (0x12B)
[0929/174715.465:ERROR:process_memory_win.cc(73)] ReadMemory at 0x128148843f0 of 48 bytes failed: 仅完成部分的 ReadProcessMemory 或 WriteProcessMemory 请求。 (0x12B)
[0929/174715.465:ERROR:process_memory_win.cc(73)] ReadMemory at 0x128148845f0 of 48 bytes failed: 仅完成部分的 ReadProcessMemory 或 WriteProcessMemory 请求。 (0x12B)
[0929/174715.465:ERROR:process_memory_win.cc(73)] ReadMemory at 0x128148851e0 of 40 bytes failed: 仅完成部分的 ReadProcessMemory 或 WriteProcessMemory 请求。 (0x12B)
[0929/174715.465:ERROR:process_memory_win.cc(73)] ReadMemory at 0x12814899bb0 of 124 bytes failed: 仅完成部分的 ReadProcessMemory 或 WriteProcessMemory 请求。 (0x12B)
[0929/174715.465:ERROR:process_memory_win.cc(73)] ReadMemory at 0x128148a2810 of 512 bytes failed: 仅完成部分的 ReadProcessMemory 或 WriteProcessMemory 请求。 (0x12B)
[0929/174715.465:ERROR:process_memory_win.cc(73)] ReadMemory at 0x128148be7c0 of 512 bytes failed: 仅完成部分的 ReadProcessMemory 或 WriteProcessMemory 请求。 (0x12B)
[0929/174715.465:ERROR:process_memory_win.cc(73)] ReadMemory at 0x128148d6e50 of 512 bytes failed: 仅完成部分的 ReadProcessMemory 或 WriteProcessMemory 请求。 (0x12B)
[0929/174715.466:ERROR:process_memory_win.cc(73)] ReadMemory at 0x128148d7a50 of 512 bytes failed: 仅完成部分的 ReadProcessMemory 或 WriteProcessMemory 请求。 (0x12B)
[0929/174715.466:ERROR:process_memory_win.cc(73)] ReadMemory at 0x128148d9e00 of 512 bytes failed: 仅完成部分的 ReadProcessMemory 或 WriteProcessMemory 请求。 (0x12B)
[0929/174715.466:ERROR:process_memory_win.cc(73)] ReadMemory at 0x128148da3a0 of 512 bytes failed: 仅完成部分的 ReadProcessMemory 或 WriteProcessMemory 请求。 (0x12B)
[0929/174715.466:ERROR:process_memory_win.cc(73)] ReadMemory at 0x128148fb0a0 of 712 bytes failed: 仅完成部分的 ReadProcessMemory 或 WriteProcessMemory 请求。 (0x12B)
[0929/174715.466:ERROR:process_memory_win.cc(73)] ReadMemory at 0x12814900e00 of 512 bytes failed: 仅完成部分的 ReadProcessMemory 或 WriteProcessMemory 请求。 (0x12B)
[0929/174715.466:ERROR:process_memory_win.cc(73)] ReadMemory at 0x12814908e80 of 512 bytes failed: 仅完成部分的 ReadProcessMemory 或 WriteProcessMemory 请求。 (0x12B)
[0929/174715.466:ERROR:process_memory_win.cc(73)] ReadMemory at 0x1281493f6b0 of 40 bytes failed: 仅完成部分的 ReadProcessMemory 或 WriteProcessMemory 请求。 (0x12B)
[0929/174715.466:ERROR:process_memory_win.cc(73)] ReadMemory at 0x12814e302c0 of 40 bytes failed: 仅完成部分的 ReadProcessMemory 或 WriteProcessMemory 请求。 (0x12B)
[0929/174715.466:ERROR:process_memory_win.cc(73)] ReadMemory at 0x12816a23f20 of 656 bytes failed: 仅完成部分的 ReadProcessMemory 或 WriteProcessMemory 请求。 (0x12B)
[0929/174715.466:ERROR:process_memory_win.cc(73)] ReadMemory at 0x12816a39594 of 1216 bytes failed: 仅完成部分的 ReadProcessMemory 或 WriteProcessMemory 请求。 (0x12B)
[0929/174715.466:ERROR:process_memory_win.cc(73)] ReadMemory at 0x12816b71bd0 of 512 bytes failed: 仅完成部分的 ReadProcessMemory 或 WriteProcessMemory 请求。 (0x12B)
[0929/174715.466:ERROR:process_memory_win.cc(73)] ReadMemory at 0x12816bb8c90 of 512 bytes failed: 仅完成部分的 ReadProcessMemory 或 WriteProcessMemory 请求。 (0x12B)
[0929/174715.466:ERROR:process_memory_win.cc(73)] ReadMemory at 0x12816bd31f0 of 640 bytes failed: 仅完成部分的 ReadProcessMemory 或 WriteProcessMemory 请求。 (0x12B)
[0929/174715.466:ERROR:process_memory_win.cc(73)] ReadMemory at 0x12816c8a9f0 of 512 bytes failed: 仅完成部分的 ReadProcessMemory 或 WriteProcessMemory 请求。 (0x12B)
[0929/174715.466:ERROR:process_memory_win.cc(73)] ReadMemory at 0x12817320000 of 384 bytes failed: 仅完成部分的 ReadProcessMemory 或 WriteProcessMemory 请求。 (0x12B)
[0929/174715.466:ERROR:process_memory_win.cc(73)] ReadMemory at 0x1281734eee0 of 512 bytes failed: 仅完成部分的 ReadProcessMemory 或 WriteProcessMemory 请求。 (0x12B)
[0929/174715.466:ERROR:process_memory_win.cc(73)] ReadMemory at 0x1281adfed20 of 512 bytes failed: 仅完成部分的 ReadProcessMemory 或 WriteProcessMemory 请求。 (0x12B)
[0929/174715.466:ERROR:process_memory_win.cc(73)] ReadMemory at 0x44d5625eff80 of 128 bytes failed: 仅完成部分的 ReadProcessMemory 或 WriteProcessMemory 请求。 (0x12B)
[0929/174715.466:ERROR:process_memory_win.cc(73)] ReadMemory at 0x70bb0008556c of 512 bytes failed: 仅完成部分的 ReadProcessMemory 或 WriteProcessMemory 请求。 (0x12B)
[0929/174715.466:ERROR:process_memory_win.cc(73)] ReadMemory at 0x70bb08041129 of 512 bytes failed: 仅完成部分的 ReadProcessMemory 或 WriteProcessMemory 请求。 (0x12B)
[0929/174715.467:ERROR:process_memory_win.cc(73)] ReadMemory at 0x70bb09aacf7d of 512 bytes failed: 仅完成部分的 ReadProcessMemory 或 WriteProcessMemory 请求。 (0x12B)
[0929/174715.467:ERROR:process_memory_win.cc(73)] ReadMemory at 0x7fff23575c70 of 512 bytes failed: 仅完成部分的 ReadProcessMemory 或 WriteProcessMemory 请求。 (0x12B)
[0929/174715.467:ERROR:process_memory_win.cc(73)] ReadMemory at 0x7fff23577ed8 of 512 bytes failed: 仅完成部分的 ReadProcessMemory 或 WriteProcessMemory 请求。 (0x12B)
[0929/174715.467:ERROR:process_memory_win.cc(73)] ReadMemory at 0x7fff5115f3c8 of 40 bytes failed: 仅完成部分的 ReadProcessMemory 或 WriteProcessMemory 请求。 (0x12B)
[0929/174715.467:ERROR:process_memory_win.cc(73)] ReadMemory at 0x7fff7bac8cb0 of 40 bytes failed: 仅完成部分的 ReadProcessMemory 或 WriteProcessMemory 请求。 (0x12B)
[0929/174715.467:ERROR:process_memory_win.cc(73)] ReadMemory at 0x7fff7bcc9689 of 512 bytes failed: 仅完成部分的 ReadProcessMemory 或 WriteProcessMemory 请求。 (0x12B)
[0929/174715.467:ERROR:process_memory_win.cc(73)] ReadMemory at 0x7fff7d8c78f4 of 512 bytes failed: 仅完成部分的 ReadProcessMemory 或 WriteProcessMemory 请求。 (0x12B)
[0929/174715.467:ERROR:process_memory_win.cc(73)] ReadMemory at 0x7fff7d8d21f0 of 512 bytes failed: 仅完成部分的 ReadProcessMemory 或 WriteProcessMemory 请求。 (0x12B)
[0929/174715.467:ERROR:process_memory_win.cc(73)] ReadMemory at 0x7fff7fbcff10 of 512 bytes failed: 仅完成部分的 ReadProcessMemory 或 WriteProcessMemory 请求。 (0x12B)
[0929/174715.467:ERROR:process_memory_win.cc(73)] ReadMemory at 0x7fff7fc1f764 of 672 bytes failed: 仅完成部分的 ReadProcessMemory 或 WriteProcessMemory 请求。 (0x12B)
[0929/174715.467:ERROR:process_memory_win.cc(73)] ReadMemory at 0x7fff7fc1fd64 of 512 bytes failed: 仅完成部分的 ReadProcessMemory 或 WriteProcessMemory 请求。 (0x12B)
[0929/174715.467:ERROR:process_memory_win.cc(73)] ReadMemory at 0x7fff7fc20234 of 512 bytes failed: 仅完成部分的 ReadProcessMemory 或 WriteProcessMemory 请求。 (0x12B)
[0929/174715.467:ERROR:process_memory_win.cc(73)] ReadMemory at 0x7fff7fc22ff4 of 608 bytes failed: 仅完成部分的 ReadProcessMemory 或 WriteProcessMemory 请求。 (0x12B)
[0929/174715.467:ERROR:process_memory_win.cc(73)] ReadMemory at 0x7fff7fcac0c8 of 18 bytes failed: 仅完成部分的 ReadProcessMemory 或 WriteProcessMemory 请求。 (0x12B)
[0929/174715.467:ERROR:process_memory_win.cc(73)] ReadMemory at 0x7fff7fcdf4f8 of 40 bytes failed: 仅完成部分的 ReadProcessMemory 或 WriteProcessMemory 请求。 (0x12B)
[0929/174715.467:ERROR:process_memory_win.cc(73)] ReadMemory at 0x7fff7fcdf560 of 48 bytes failed: 仅完成部分的 ReadProcessMemory 或 WriteProcessMemory 请求。 (0x12B)
[0929/174715.467:ERROR:process_memory_win.cc(73)] ReadMemory at 0x7fff7fcdf978 of 48 bytes failed: 仅完成部分的 ReadProcessMemory 或 WriteProcessMemory 请求。 (0x12B)
[0929/174715.467:ERROR:process_memory_win.cc(73)] ReadMemory at 0x7fff7fce3b20 of 40 bytes failed: 仅完成部分的 ReadProcessMemory 或 WriteProcessMemory 请求。 (0x12B)
[0929/174715.467:ERROR:process_memory_win.cc(73)] ReadMemory at 0x7fff7fce3c80 of 336 bytes failed: 仅完成部分的 ReadProcessMemory 或 WriteProcessMemory 请求。 (0x12B)
[0929/174715.467:ERROR:process_memory_win.cc(73)] ReadMemory at 0x7fff7fce53a0 of 64 bytes failed: 仅完成部分的 ReadProcessMemory 或 WriteProcessMemory 请求。 (0x12B)
[0929/174715.469:ERROR:scoped_process_suspend.cc(40)] NtResumeProcess: 已尝试访问正在退出的过程。 (0xc000010a)
[1014/172335.691:ERROR:settings.cc(430)] Settings version is not 5
[1014/183420.574:ERROR:registration_protocol_win.cc(131)] TransactNamedPipe: 管道已结束。 (0x6D)
[1014/183801.380:ERROR:registration_protocol_win.cc(131)] TransactNamedPipe: 管道已结束。 (0x6D)
[1014/184809.216:ERROR:directory_reader_win.cc(43)] FindFirstFile: 系统找不到指定的路径。 (0x3)
